<?xml version="1.0" encoding="UTF-8"?>
<ruleset name="project-pmd-test-rules"
         xmlns="http://pmd.sourceforge.net/ruleset/2.0.0"
         xmlns:xsi="http://www.w3.org/2001/XMLSchema-instance"
         xsi:schemaLocation="http://pmd.sourceforge.net/ruleset/2.0.0 https://pmd.sourceforge.net/ruleset_2_0_0.xsd">

    <description>PMD ruleset for test sources (TestNG): intentionally empty.</description>

</ruleset>


